WARNING: A terminally deprecated method in sun.misc.Unsafe has been called
WARNING: sun.misc.Unsafe::staticFieldBase has been called by com.google.inject.internal.aop.HiddenClassDefiner (file:/opt/homebrew/Cellar/maven/3.9.11/libexec/lib/guice-5.1.0-classes.jar)
WARNING: Please consider reporting this to the maintainers of class com.google.inject.internal.aop.HiddenClassDefiner
WARNING: sun.misc.Unsafe::staticFieldBase will be removed in a future release
[INFO] Scanning for projects...
[INFO] 
[INFO] -------------------------< org.example:BE_SP >--------------------------
[INFO] Building BE_SP 0.0.1-SNAPSHOT
[INFO]   from pom.xml
[INFO] --------------------------------[ jar ]---------------------------------
[INFO] 
[INFO] >>> spring-boot:3.5.4:run (default-cli) > test-compile @ BE_SP >>>
[INFO] 
[INFO] --- resources:3.3.1:resources (default-resources) @ BE_SP ---
[INFO] Copying 1 resource from src/main/resources to target/classes
[INFO] Copying 0 resource from src/main/resources to target/classes
[INFO] 
[INFO] --- compiler:3.14.0:compile (default-compile) @ BE_SP ---
[INFO] Nothing to compile - all classes are up to date.
[INFO] 
[INFO] --- resources:3.3.1:testResources (default-testResources) @ BE_SP ---
[INFO] skip non existing resourceDirectory /Users/s0icodocslashdot/code/BE_SP/src/test/resources
[INFO] 
[INFO] --- compiler:3.14.0:testCompile (default-testCompile) @ BE_SP ---
[INFO] Recompiling the module because of changed source code.
[INFO] Compiling 1 source file with javac [debug parameters release 17] to target/test-classes
[INFO] 
[INFO] <<< spring-boot:3.5.4:run (default-cli) < test-compile @ BE_SP <<<
[INFO] 
[INFO] 
[INFO] --- spring-boot:3.5.4:run (default-cli) @ BE_SP ---
[INFO] Attaching agents: []

  .   ____          _            __ _ _
 /\\ / ___'_ __ _ _(_)_ __  __ _ \ \ \ \
( ( )\___ | '_ | '_| | '_ \/ _` | \ \ \ \
 \\/  ___)| |_)| | | | | || (_| |  ) ) ) )
  '  |____| .__|_| |_|_| |_\__, | / / / /
 =========|_|==============|___/=/_/_/_/

 :: Spring Boot ::                (v3.5.4)

2025-08-26T01:23:50.082+07:00  INFO 86294 --- [BE_SP] [  restartedMain] org.example.be_sp.BeSpApplication        : Starting BeSpApplication using Java 24.0.2 with PID 86294 (/Users/s0icodocslashdot/code/BE_SP/target/classes started by s0icodocslashdot in /Users/s0icodocslashdot/code/BE_SP)
2025-08-26T01:23:50.083+07:00  INFO 86294 --- [BE_SP] [  restartedMain] org.example.be_sp.BeSpApplication        : No active profile set, falling back to 1 default profile: "default"
2025-08-26T01:23:50.103+07:00  INFO 86294 --- [BE_SP] [  restartedMain] .e.DevToolsPropertyDefaultsPostProcessor : Devtools property defaults active! Set 'spring.devtools.add-properties' to 'false' to disable
2025-08-26T01:23:50.103+07:00  INFO 86294 --- [BE_SP] [  restartedMain] .e.DevToolsPropertyDefaultsPostProcessor : For additional web related logging consider setting the 'logging.level.web' property to 'DEBUG'
2025-08-26T01:23:50.546+07:00  INFO 86294 --- [BE_SP] [  restartedMain] .s.d.r.c.RepositoryConfigurationDelegate : Bootstrapping Spring Data JPA repositories in DEFAULT mode.
2025-08-26T01:23:50.600+07:00  INFO 86294 --- [BE_SP] [  restartedMain] .s.d.r.c.RepositoryConfigurationDelegate : Finished Spring Data repository scanning in 49 ms. Found 22 JPA repository interfaces.
2025-08-26T01:23:50.920+07:00  INFO 86294 --- [BE_SP] [  restartedMain] o.s.b.w.embedded.tomcat.TomcatWebServer  : Tomcat initialized with port 8080 (http)
2025-08-26T01:23:50.929+07:00  INFO 86294 --- [BE_SP] [  restartedMain] o.apache.catalina.core.StandardService   : Starting service [Tomcat]
2025-08-26T01:23:50.929+07:00  INFO 86294 --- [BE_SP] [  restartedMain] o.apache.catalina.core.StandardEngine    : Starting Servlet engine: [Apache Tomcat/10.1.43]
2025-08-26T01:23:50.947+07:00  INFO 86294 --- [BE_SP] [  restartedMain] o.a.c.c.C.[Tomcat].[localhost].[/]       : Initializing Spring embedded WebApplicationContext
2025-08-26T01:23:50.947+07:00  INFO 86294 --- [BE_SP] [  restartedMain] w.s.c.ServletWebServerApplicationContext : Root WebApplicationContext: initialization completed in 844 ms
2025-08-26T01:23:51.058+07:00  INFO 86294 --- [BE_SP] [  restartedMain] o.hibernate.jpa.internal.util.LogHelper  : HHH000204: Processing PersistenceUnitInfo [name: default]
2025-08-26T01:23:51.087+07:00  INFO 86294 --- [BE_SP] [  restartedMain] org.hibernate.Version                    : HHH000412: Hibernate ORM core version 6.6.22.Final
2025-08-26T01:23:51.104+07:00  INFO 86294 --- [BE_SP] [  restartedMain] o.h.c.internal.RegionFactoryInitiator    : HHH000026: Second-level cache disabled
2025-08-26T01:23:51.241+07:00  INFO 86294 --- [BE_SP] [  restartedMain] o.s.o.j.p.SpringPersistenceUnitInfo      : No LoadTimeWeaver setup: ignoring JPA class transformer
2025-08-26T01:23:51.256+07:00  INFO 86294 --- [BE_SP] [  restartedMain] com.zaxxer.hikari.HikariDataSource       : HikariPool-1 - Starting...
2025-08-26T01:23:51.481+07:00  INFO 86294 --- [BE_SP] [  restartedMain] com.zaxxer.hikari.pool.HikariPool        : HikariPool-1 - Added connection ConnectionID:1 ClientConnectionId: db176143-5b5e-4681-8039-c0ca515eb08f
2025-08-26T01:23:51.482+07:00  INFO 86294 --- [BE_SP] [  restartedMain] com.zaxxer.hikari.HikariDataSource       : HikariPool-1 - Start completed.
2025-08-26T01:23:51.509+07:00  WARN 86294 --- [BE_SP] [  restartedMain] org.hibernate.orm.deprecation            : HHH90000025: SQLServerDialect does not need to be specified explicitly using 'hibernate.dialect' (remove the property setting and it will be selected by default)
2025-08-26T01:23:51.527+07:00  INFO 86294 --- [BE_SP] [  restartedMain] org.hibernate.orm.connections.pooling    : HHH10001005: Database info:
	Database JDBC URL [Connecting through datasource 'HikariDataSource (HikariPool-1)']
	Database driver: undefined/unknown
	Database version: 16.0
	Autocommit mode: undefined/unknown
	Isolation level: undefined/unknown
	Minimum pool size: undefined/unknown
	Maximum pool size: undefined/unknown
2025-08-26T01:23:52.221+07:00  INFO 86294 --- [BE_SP] [  restartedMain] o.h.e.t.j.p.i.JtaPlatformInitiator       : HHH000489: No JTA platform available (set 'hibernate.transaction.jta.platform' to enable JTA platform integration)
2025-08-26T01:23:52.223+07:00  INFO 86294 --- [BE_SP] [  restartedMain] j.LocalContainerEntityManagerFactoryBean : Initialized JPA EntityManagerFactory for persistence unit 'default'
2025-08-26T01:23:52.392+07:00  INFO 86294 --- [BE_SP] [  restartedMain] o.s.d.j.r.query.QueryEnhancerFactory     : Hibernate is in classpath; If applicable, HQL parser will be used.
2025-08-26T01:23:53.043+07:00  WARN 86294 --- [BE_SP] [  restartedMain] JpaBaseConfiguration$JpaWebConfiguration : spring.jpa.open-in-view is enabled by default. Therefore, database queries may be performed during view rendering. Explicitly configure spring.jpa.open-in-view to disable this warning
2025-08-26T01:23:53.250+07:00  WARN 86294 --- [BE_SP] [  restartedMain] o.s.b.d.a.OptionalLiveReloadServer       : Unable to start LiveReload server
2025-08-26T01:23:53.265+07:00  WARN 86294 --- [BE_SP] [  restartedMain] ConfigServletWebServerApplicationContext : Exception encountered during context initialization - cancelling refresh attempt: org.springframework.context.ApplicationContextException: Failed to start bean 'webServerStartStop'
2025-08-26T01:23:53.267+07:00  INFO 86294 --- [BE_SP] [  restartedMain] j.LocalContainerEntityManagerFactoryBean : Closing JPA EntityManagerFactory for persistence unit 'default'
2025-08-26T01:23:53.269+07:00  INFO 86294 --- [BE_SP] [  restartedMain] com.zaxxer.hikari.HikariDataSource       : HikariPool-1 - Shutdown initiated...
2025-08-26T01:23:53.272+07:00  INFO 86294 --- [BE_SP] [  restartedMain] com.zaxxer.hikari.HikariDataSource       : HikariPool-1 - Shutdown completed.
2025-08-26T01:23:53.280+07:00  INFO 86294 --- [BE_SP] [  restartedMain] .s.b.a.l.ConditionEvaluationReportLogger : 

Error starting ApplicationContext. To display the condition evaluation report re-run your application with 'debug' enabled.
2025-08-26T01:23:53.289+07:00 ERROR 86294 --- [BE_SP] [  restartedMain] o.s.b.d.LoggingFailureAnalysisReporter   : 

***************************
APPLICATION FAILED TO START
***************************

Description:

Web server failed to start. Port 8080 was already in use.

Action:

Identify and stop the process that's listening on port 8080 or configure this application to listen on another port.

[INFO] ------------------------------------------------------------------------
[INFO] BUILD SUCCESS
[INFO] ------------------------------------------------------------------------
[INFO] Total time:  5.554 s
[INFO] Finished at: 2025-08-26T01:23:53+07:00
[INFO] ------------------------------------------------------------------------
